[33mNextflow 24.04.2 is available - Please consider updating your version to it(B[m
N E X T F L O W  ~  version 23.10.1
Launching `main.nf` [ecstatic_lattes] DSL2 - revision: 4078eec20b
WARN: The `echo` directive has been deprecated - use to `debug` instead
[-        ] process > prepare_RNAseq_fastq_files -
[-        ] process > trimming_fastq             -
[-        ] process > gmap_build_database        -
[-        ] process > gsnap_alignment            -
[-        ] process > extracting_primary_mapping -

[-        ] process > prepare_RNAseq_fastq_files [  0%] 0 of 9
[-        ] process > trimming_fastq             -
[-        ] process > gmap_build_database        [  0%] 0 of 1
[-        ] process > gsnap_alignment            -
[-        ] process > extracting_primary_mapping -

executor >  local (3)
[de/5577bc] process > prepare_RNAseq_fastq_files ... [  0%] 0 of 9
[-        ] process > trimming_fastq                 -
[68/0833ae] process > gmap_build_database (gmap_b... [  0%] 0 of 1
[-        ] process > gsnap_alignment                -
[-        ] process > extracting_primary_mapping     -

executor >  local (4)
[de/5577bc] process > prepare_RNAseq_fastq_files ... [ 11%] 1 of 9
[-        ] process > trimming_fastq                 [  0%] 0 of 1
[68/0833ae] process > gmap_build_database (gmap_b... [  0%] 0 of 1
[-        ] process > gsnap_alignment                -
[-        ] process > extracting_primary_mapping     -


executor >  local (6)
[f6/8ae687] process > prepare_RNAseq_fastq_files ... [ 22%] 2 of 9
[d0/5e2200] process > trimming_fastq (FASTP on SR... [  0%] 0 of 2
[68/0833ae] process > gmap_build_database (gmap_b... [  0%] 0 of 1
[-        ] process > gsnap_alignment                -
[-        ] process > extracting_primary_mapping     -



executor >  local (7)
[00/cac44f] process > prepare_RNAseq_fastq_files ... [ 33%] 3 of 9
[d0/5e2200] process > trimming_fastq (FASTP on SR... [  0%] 0 of 3
[68/0833ae] process > gmap_build_database (gmap_b... [  0%] 0 of 1
[-        ] process > gsnap_alignment                -
[-        ] process > extracting_primary_mapping     -




executor >  local (8)
[61/d01d94] process > prepare_RNAseq_fastq_files ... [ 44%] 4 of 9
[d0/5e2200] process > trimming_fastq (FASTP on SR... [  0%] 0 of 4
[68/0833ae] process > gmap_build_database (gmap_b... [  0%] 0 of 1
[-        ] process > gsnap_alignment                -
[-        ] process > extracting_primary_mapping     -





executor >  local (10)
[f5/75e8cb] process > prepare_RNAseq_fastq_files ... [ 55%] 5 of 9
[d0/5e2200] process > trimming_fastq (FASTP on SR... [  0%] 0 of 5
[68/0833ae] process > gmap_build_database (gmap_b... [  0%] 0 of 1
[-        ] process > gsnap_alignment                -
[-        ] process > extracting_primary_mapping     -







executor >  local (10)
[95/aeb49c] process > prepare_RNAseq_fastq_files ... [ 66%] 6 of 9
[d0/5e2200] process > trimming_fastq (FASTP on SR... [  0%] 0 of 6
[68/0833ae] process > gmap_build_database (gmap_b... [  0%] 0 of 1
[-        ] process > gsnap_alignment                -
[-        ] process > extracting_primary_mapping     -







executor >  local (11)
[6c/de9839] process > prepare_RNAseq_fastq_files ... [ 77%] 7 of 9
[d0/5e2200] process > trimming_fastq (FASTP on SR... [  0%] 0 of 7
[68/0833ae] process > gmap_build_database (gmap_b... [  0%] 0 of 1
[-        ] process > gsnap_alignment                -
[-        ] process > extracting_primary_mapping     -








executor >  local (16)
[95/aeb49c] process > prepare_RNAseq_fastq_files ... [ 88%] 8 of 9
[d1/590511] process > trimming_fastq (FASTP on SR... [  0%] 0 of 8
[68/0833ae] process > gmap_build_database (gmap_b... [  0%] 0 of 1
[-        ] process > gsnap_alignment                -
[-        ] process > extracting_primary_mapping     -









executor >  local (19)
[6c/de9839] process > prepare_RNAseq_fastq_files ... [100%] 9 of 9 ✔
[2c/5dfcfa] process > trimming_fastq (FASTP on ER... [  0%] 0 of 9
[68/0833ae] process > gmap_build_database (gmap_b... [  0%] 0 of 1
[-        ] process > gsnap_alignment                -
[-        ] process > extracting_primary_mapping     -










executor >  local (19)
[6c/de9839] process > prepare_RNAseq_fastq_files ... [100%] 9 of 9 ✔
[2c/5dfcfa] process > trimming_fastq (FASTP on ER... [  0%] 0 of 9
[68/0833ae] process > gmap_build_database (gmap_b... [  0%] 0 of 1
[-        ] process > gsnap_alignment                -
[-        ] process > extracting_primary_mapping     -










executor >  local (19)
[6c/de9839] process > prepare_RNAseq_fastq_files ... [100%] 9 of 9 ✔
[f5/1fa74c] process > trimming_fastq (FASTP on SR... [ 11%] 1 of 9
[68/0833ae] process > gmap_build_database (gmap_b... [  0%] 0 of 1
[-        ] process > gsnap_alignment                -
[-        ] process > extracting_primary_mapping     -










executor >  local (19)
[6c/de9839] process > prepare_RNAseq_fastq_files ... [100%] 9 of 9 ✔
[d0/5e2200] process > trimming_fastq (FASTP on SR... [ 22%] 2 of 9
[68/0833ae] process > gmap_build_database (gmap_b... [  0%] 0 of 1
[-        ] process > gsnap_alignment                -
[-        ] process > extracting_primary_mapping     -










executor >  local (19)
[6c/de9839] process > prepare_RNAseq_fastq_files ... [100%] 9 of 9 ✔
[11/ef3d4a] process > trimming_fastq (FASTP on SR... [ 33%] 3 of 9
[68/0833ae] process > gmap_build_database (gmap_b... [  0%] 0 of 1
[-        ] process > gsnap_alignment                -
[-        ] process > extracting_primary_mapping     -

executor >  local (19)
[6c/de9839] process > prepare_RNAseq_fastq_files ... [100%] 9 of 9 ✔
[8b/5636db] process > trimming_fastq (FASTP on SR... [ 44%] 4 of 9
[68/0833ae] process > gmap_build_database (gmap_b... [  0%] 0 of 1
[-        ] process > gsnap_alignment                -
[-        ] process > extracting_primary_mapping     -

executor >  local (19)
[6c/de9839] process > prepare_RNAseq_fastq_files ... [100%] 9 of 9 ✔
[d1/590511] process > trimming_fastq (FASTP on SR... [ 55%] 5 of 9
[68/0833ae] process > gmap_build_database (gmap_b... [  0%] 0 of 1
[-        ] process > gsnap_alignment                -
[-        ] process > extracting_primary_mapping     -

executor >  local (24)
[6c/de9839] process > prepare_RNAseq_fastq_files ... [100%] 9 of 9 ✔
[d1/590511] process > trimming_fastq (FASTP on SR... [ 55%] 5 of 9
[68/0833ae] process > gmap_build_database (gmap_b... [100%] 1 of 1 ✔
[0a/089fd1] process > gsnap_alignment (GSNAP on S... [  0%] 0 of 5
[-        ] process > extracting_primary_mapping     -

executor >  local (25)
[6c/de9839] process > prepare_RNAseq_fastq_files ... [100%] 9 of 9 ✔
[d1/590511] process > trimming_fastq (FASTP on SR... [ 55%] 5 of 9
[68/0833ae] process > gmap_build_database (gmap_b... [100%] 1 of 1 ✔
[32/2f68e9] process > gsnap_alignment (GSNAP on E... [  0%] 0 of 6
[-        ] process > extracting_primary_mapping     -

executor >  local (26)
[6c/de9839] process > prepare_RNAseq_fastq_files ... [100%] 9 of 9 ✔
[8b/e30c8f] process > trimming_fastq (FASTP on ER... [ 77%] 7 of 9
[68/0833ae] process > gmap_build_database (gmap_b... [100%] 1 of 1 ✔
[84/422df6] process > gsnap_alignment (GSNAP on E... [  0%] 0 of 7
[-        ] process > extracting_primary_mapping     -

executor >  local (27)
[6c/de9839] process > prepare_RNAseq_fastq_files ... [100%] 9 of 9 ✔
[ca/445167] process > trimming_fastq (FASTP on ER... [ 88%] 8 of 9
[68/0833ae] process > gmap_build_database (gmap_b... [100%] 1 of 1 ✔
[e1/48c8e2] process > gsnap_alignment (GSNAP on E... [  0%] 0 of 8
[-        ] process > extracting_primary_mapping     -

executor >  local (28)
[6c/de9839] process > prepare_RNAseq_fastq_files ... [100%] 9 of 9 ✔
[2c/5dfcfa] process > trimming_fastq (FASTP on ER... [100%] 9 of 9 ✔
[68/0833ae] process > gmap_build_database (gmap_b... [100%] 1 of 1 ✔
[e4/d96fa2] process > gsnap_alignment (GSNAP on E... [  0%] 0 of 9
[-        ] process > extracting_primary_mapping     -

executor >  local (29)
[6c/de9839] process > prepare_RNAseq_fastq_files ... [100%] 9 of 9 ✔
[2c/5dfcfa] process > trimming_fastq (FASTP on ER... [100%] 9 of 9 ✔
[68/0833ae] process > gmap_build_database (gmap_b... [100%] 1 of 1 ✔
[0e/fd9bde] process > gsnap_alignment (GSNAP on S... [ 11%] 1 of 9
[87/b3fe5a] process > extracting_primary_mapping ... [  0%] 0 of 1

executor >  local (29)
[6c/de9839] process > prepare_RNAseq_fastq_files ... [100%] 9 of 9 ✔
[2c/5dfcfa] process > trimming_fastq (FASTP on ER... [100%] 9 of 9 ✔
[68/0833ae] process > gmap_build_database (gmap_b... [100%] 1 of 1 ✔
[0e/fd9bde] process > gsnap_alignment (GSNAP on S... [ 11%] 1 of 9
[87/b3fe5a] process > extracting_primary_mapping ... [100%] 1 of 1
[SRR520373, unstranded, single, /data2/avelt/2024_annotation_pipeline/workflows/genes_annotation-workflow/work/87/b3fe5a001192237f51a6623b171340/SRR520373_vs_new_assembly.bam]

executor >  local (30)
[6c/de9839] process > prepare_RNAseq_fastq_files ... [100%] 9 of 9 ✔
[2c/5dfcfa] process > trimming_fastq (FASTP on ER... [100%] 9 of 9 ✔
[68/0833ae] process > gmap_build_database (gmap_b... [100%] 1 of 1 ✔
[67/991623] process > gsnap_alignment (GSNAP on S... [ 22%] 2 of 9
[e6/6c57aa] process > extracting_primary_mapping ... [ 50%] 1 of 2


executor >  local (30)
[6c/de9839] process > prepare_RNAseq_fastq_files ... [100%] 9 of 9 ✔
[2c/5dfcfa] process > trimming_fastq (FASTP on ER... [100%] 9 of 9 ✔
[68/0833ae] process > gmap_build_database (gmap_b... [100%] 1 of 1 ✔
[67/991623] process > gsnap_alignment (GSNAP on S... [ 22%] 2 of 9
[e6/6c57aa] process > extracting_primary_mapping ... [100%] 2 of 2
[SRR5435969, unstranded, paired, /data2/avelt/2024_annotation_pipeline/workflows/genes_annotation-workflow/work/e6/6c57aab9b03b153d6e31ca2b8d9961/SRR5435969_vs_new_assembly.bam]

executor >  local (31)
[6c/de9839] process > prepare_RNAseq_fastq_files ... [100%] 9 of 9 ✔
[2c/5dfcfa] process > trimming_fastq (FASTP on ER... [100%] 9 of 9 ✔
[68/0833ae] process > gmap_build_database (gmap_b... [100%] 1 of 1 ✔
[7a/5e49f6] process > gsnap_alignment (GSNAP on S... [ 33%] 3 of 9
[e7/82fdfe] process > extracting_primary_mapping ... [ 66%] 2 of 3


executor >  local (31)
[6c/de9839] process > prepare_RNAseq_fastq_files ... [100%] 9 of 9 ✔
[2c/5dfcfa] process > trimming_fastq (FASTP on ER... [100%] 9 of 9 ✔
[68/0833ae] process > gmap_build_database (gmap_b... [100%] 1 of 1 ✔
[7a/5e49f6] process > gsnap_alignment (GSNAP on S... [ 33%] 3 of 9
[e7/82fdfe] process > extracting_primary_mapping ... [100%] 3 of 3
[SRR8775072, unstranded, paired, /data2/avelt/2024_annotation_pipeline/workflows/genes_annotation-workflow/work/e7/82fdfe0a767d691335a65dd218baab/SRR8775072_vs_new_assembly.bam]

executor >  local (32)
[6c/de9839] process > prepare_RNAseq_fastq_files ... [100%] 9 of 9 ✔
[2c/5dfcfa] process > trimming_fastq (FASTP on ER... [100%] 9 of 9 ✔
[68/0833ae] process > gmap_build_database (gmap_b... [100%] 1 of 1 ✔
[0a/089fd1] process > gsnap_alignment (GSNAP on S... [ 44%] 4 of 9
[2a/b824fe] process > extracting_primary_mapping ... [ 75%] 3 of 4


executor >  local (32)
[6c/de9839] process > prepare_RNAseq_fastq_files ... [100%] 9 of 9 ✔
[2c/5dfcfa] process > trimming_fastq (FASTP on ER... [100%] 9 of 9 ✔
[68/0833ae] process > gmap_build_database (gmap_b... [100%] 1 of 1 ✔
[0a/089fd1] process > gsnap_alignment (GSNAP on S... [ 44%] 4 of 9
[2a/b824fe] process > extracting_primary_mapping ... [100%] 4 of 4
[SRR3046438, unstranded, paired, /data2/avelt/2024_annotation_pipeline/workflows/genes_annotation-workflow/work/2a/b824fe38b6ae98a26f8e9ad6af0343/SRR3046438_vs_new_assembly.bam]

executor >  local (32)
[6c/de9839] process > prepare_RNAseq_fastq_files ... [100%] 9 of 9 ✔
[2c/5dfcfa] process > trimming_fastq (FASTP on ER... [100%] 9 of 9 ✔
[68/0833ae] process > gmap_build_database (gmap_b... [100%] 1 of 1 ✔
[cf/68bb87] process > gsnap_alignment (GSNAP on S... [ 55%] 5 of 9
[2a/b824fe] process > extracting_primary_mapping ... [100%] 4 of 4


executor >  local (33)
[6c/de9839] process > prepare_RNAseq_fastq_files ... [100%] 9 of 9 ✔
[2c/5dfcfa] process > trimming_fastq (FASTP on ER... [100%] 9 of 9 ✔
[68/0833ae] process > gmap_build_database (gmap_b... [100%] 1 of 1 ✔
[cf/68bb87] process > gsnap_alignment (GSNAP on S... [ 55%] 5 of 9
[bd/9cdfff] process > extracting_primary_mapping ... [ 80%] 4 of 5


executor >  local (33)
[6c/de9839] process > prepare_RNAseq_fastq_files ... [100%] 9 of 9 ✔
[2c/5dfcfa] process > trimming_fastq (FASTP on ER... [100%] 9 of 9 ✔
[68/0833ae] process > gmap_build_database (gmap_b... [100%] 1 of 1 ✔
[cf/68bb87] process > gsnap_alignment (GSNAP on S... [ 55%] 5 of 9
[bd/9cdfff] process > extracting_primary_mapping ... [100%] 5 of 5
[SRR3046429, unstranded, paired, /data2/avelt/2024_annotation_pipeline/workflows/genes_annotation-workflow/work/bd/9cdfff66ea194db96b4bba2f47ef2b/SRR3046429_vs_new_assembly.bam]

executor >  local (33)
[6c/de9839] process > prepare_RNAseq_fastq_files ... [100%] 9 of 9 ✔
[2c/5dfcfa] process > trimming_fastq (FASTP on ER... [100%] 9 of 9 ✔
[68/0833ae] process > gmap_build_database (gmap_b... [100%] 1 of 1 ✔
[e4/d96fa2] process > gsnap_alignment (GSNAP on E... [ 66%] 6 of 9
[bd/9cdfff] process > extracting_primary_mapping ... [100%] 5 of 5


executor >  local (34)
[6c/de9839] process > prepare_RNAseq_fastq_files ... [100%] 9 of 9 ✔
[2c/5dfcfa] process > trimming_fastq (FASTP on ER... [100%] 9 of 9 ✔
[68/0833ae] process > gmap_build_database (gmap_b... [100%] 1 of 1 ✔
[e4/d96fa2] process > gsnap_alignment (GSNAP on E... [ 66%] 6 of 9
[ee/a59715] process > extracting_primary_mapping ... [ 83%] 5 of 6


executor >  local (34)
[6c/de9839] process > prepare_RNAseq_fastq_files ... [100%] 9 of 9 ✔
[2c/5dfcfa] process > trimming_fastq (FASTP on ER... [100%] 9 of 9 ✔
[68/0833ae] process > gmap_build_database (gmap_b... [100%] 1 of 1 ✔
[e4/d96fa2] process > gsnap_alignment (GSNAP on E... [ 66%] 6 of 9
[ee/a59715] process > extracting_primary_mapping ... [100%] 6 of 6
[ERR1059554, stranded, paired, /data2/avelt/2024_annotation_pipeline/workflows/genes_annotation-workflow/work/ee/a59715f4b77ce8a837c16398149103/ERR1059554_vs_new_assembly.bam]

executor >  local (35)
[6c/de9839] process > prepare_RNAseq_fastq_files ... [100%] 9 of 9 ✔
[2c/5dfcfa] process > trimming_fastq (FASTP on ER... [100%] 9 of 9 ✔
[68/0833ae] process > gmap_build_database (gmap_b... [100%] 1 of 1 ✔
[32/2f68e9] process > gsnap_alignment (GSNAP on E... [ 77%] 7 of 9
[be/b3080c] process > extracting_primary_mapping ... [ 85%] 6 of 7


executor >  local (35)
[6c/de9839] process > prepare_RNAseq_fastq_files ... [100%] 9 of 9 ✔
[2c/5dfcfa] process > trimming_fastq (FASTP on ER... [100%] 9 of 9 ✔
[68/0833ae] process > gmap_build_database (gmap_b... [100%] 1 of 1 ✔
[32/2f68e9] process > gsnap_alignment (GSNAP on E... [ 77%] 7 of 9
[be/b3080c] process > extracting_primary_mapping ... [ 85%] 6 of 7


executor >  local (35)
[6c/de9839] process > prepare_RNAseq_fastq_files ... [100%] 9 of 9 ✔
[2c/5dfcfa] process > trimming_fastq (FASTP on ER... [100%] 9 of 9 ✔
[68/0833ae] process > gmap_build_database (gmap_b... [100%] 1 of 1 ✔
[32/2f68e9] process > gsnap_alignment (GSNAP on E... [ 77%] 7 of 9
[be/b3080c] process > extracting_primary_mapping ... [100%] 7 of 7
[ERR1059555, stranded, paired, /data2/avelt/2024_annotation_pipeline/workflows/genes_annotation-workflow/work/be/b3080c6cb2a4cf093265a88bd891db/ERR1059555_vs_new_assembly.bam]

executor >  local (36)
[6c/de9839] process > prepare_RNAseq_fastq_files ... [100%] 9 of 9 ✔
[2c/5dfcfa] process > trimming_fastq (FASTP on ER... [100%] 9 of 9 ✔
[68/0833ae] process > gmap_build_database (gmap_b... [100%] 1 of 1 ✔
[e1/48c8e2] process > gsnap_alignment (GSNAP on E... [ 88%] 8 of 9
[ba/741e52] process > extracting_primary_mapping ... [ 87%] 7 of 8


executor >  local (36)
[6c/de9839] process > prepare_RNAseq_fastq_files ... [100%] 9 of 9 ✔
[2c/5dfcfa] process > trimming_fastq (FASTP on ER... [100%] 9 of 9 ✔
[68/0833ae] process > gmap_build_database (gmap_b... [100%] 1 of 1 ✔
[e1/48c8e2] process > gsnap_alignment (GSNAP on E... [ 88%] 8 of 9
[ba/741e52] process > extracting_primary_mapping ... [100%] 8 of 8
[ERR1059553, stranded, paired, /data2/avelt/2024_annotation_pipeline/workflows/genes_annotation-workflow/work/ba/741e5281dca4c4867346bdb494f5c0/ERR1059553_vs_new_assembly.bam]

executor >  local (37)
[6c/de9839] process > prepare_RNAseq_fastq_files ... [100%] 9 of 9 ✔
[2c/5dfcfa] process > trimming_fastq (FASTP on ER... [100%] 9 of 9 ✔
[68/0833ae] process > gmap_build_database (gmap_b... [100%] 1 of 1 ✔
[84/422df6] process > gsnap_alignment (GSNAP on E... [100%] 9 of 9 ✔
[46/8ca303] process > extracting_primary_mapping ... [ 88%] 8 of 9


executor >  local (37)
[6c/de9839] process > prepare_RNAseq_fastq_files ... [100%] 9 of 9 ✔
[2c/5dfcfa] process > trimming_fastq (FASTP on ER... [100%] 9 of 9 ✔
[68/0833ae] process > gmap_build_database (gmap_b... [100%] 1 of 1 ✔
[84/422df6] process > gsnap_alignment (GSNAP on E... [100%] 9 of 9 ✔
[46/8ca303] process > extracting_primary_mapping ... [100%] 9 of 9 ✔
[ERR1059552, stranded, paired, /data2/avelt/2024_annotation_pipeline/workflows/genes_annotation-workflow/work/46/8ca3036e859fcf12043ed28ea5a19b/ERR1059552_vs_new_assembly.bam]
Completed at: 13-Jun-2024 15:07:56
Duration    : 6d 2h 3m 4s
CPU hours   : 2'343.2
Succeeded   : 37


Your remaining balance (at the time of job end)
