STAR version=2.7.10a
STAR compilation time,server,dir=2022-08-05T14:55:49+02:00 calcul:/trinity/shared/apps/STAR-2.7.10a/source
STAR git: 
##### Command Line:
STAR --runThreadN 6 --runMode genomeGenerate -h
##### Initial USER parameters from Command Line:
###### All USER parameters from Command Line:
runThreadN                    6     ~RE-DEFINED
runMode                       genomeGenerate   -h        ~RE-DEFINED
##### Finished reading parameters from all sources

##### Final user re-defined parameters-----------------:
runMode                           genomeGenerate   -h   
runThreadN                        6

-------------------------------
##### Final effective command line:
STAR   --runMode genomeGenerate   -h      --runThreadN 6
----------------------------------------

Number of fastq files for each mate = 1
ParametersSolo: --soloCellFilterType CellRanger2.2 filtering parameters:  3000 0.99 10
Finished loading and checking parameters
--genomeDir directory exists and will be overwritten: ./GenomeDir/
Aug 07 14:04:24 ... starting to generate Genome files

EXITING because of INPUT ERROR: could not open genomeFastaFile: -

Aug 07 14:04:24 ...... FATAL ERROR, exiting
